<?xml version="1.0" encoding="UTF-8"?>
<!-- Generated by org.testng.reporters.JUnitReportReporter -->
<testsuite hostname="Wernsn" name="bwi.prog2D.SS2015.wi14b128_Leitner.ExerciseSheet02.tests.TrackTest" tests="9" failures="0" timestamp="10 Mar 2015 22:45:58 GMT" time="0.203" errors="0">
  <testcase name="TrackTrack" time="0.000" classname="bwi.prog2D.SS2015.wi14b128_Leitner.ExerciseSheet02.tests.TrackTest"/>
  <testcase name="TrackString" time="0.000" classname="bwi.prog2D.SS2015.wi14b128_Leitner.ExerciseSheet02.tests.TrackTest"/>
  <testcase name="TrackTrack" time="0.000" classname="bwi.prog2D.SS2015.wi14b128_Leitner.ExerciseSheet02.tests.TrackTest"/>
  <testcase name="TrackString" time="0.157" classname="bwi.prog2D.SS2015.wi14b128_Leitner.ExerciseSheet02.tests.TrackTest"/>
  <testcase name="TrackTrack" time="0.015" classname="bwi.prog2D.SS2015.wi14b128_Leitner.ExerciseSheet02.tests.TrackTest"/>
  <testcase name="TrackString" time="0.000" classname="bwi.prog2D.SS2015.wi14b128_Leitner.ExerciseSheet02.tests.TrackTest"/>
  <testcase name="Track" time="0.016" classname="bwi.prog2D.SS2015.wi14b128_Leitner.ExerciseSheet02.tests.TrackTest"/>
  <testcase name="TrackTrack" time="0.000" classname="bwi.prog2D.SS2015.wi14b128_Leitner.ExerciseSheet02.tests.TrackTest"/>
  <testcase name="TrackString" time="0.015" classname="bwi.prog2D.SS2015.wi14b128_Leitner.ExerciseSheet02.tests.TrackTest"/>
</testsuite> <!-- bwi.prog2D.SS2015.wi14b128_Leitner.ExerciseSheet02.tests.TrackTest -->
