<?xml version="1.0" encoding="UTF-8"?>
<!-- Generated by org.testng.reporters.JUnitReportReporter -->
<testsuite hostname="Wernsn" name="bwi.prog2D.SS2015.wi14b128_Leitner.ExerciseSheet02.tests.ArtistTest" tests="22" failures="0" timestamp="10 Mar 2015 22:35:12 GMT" time="0.157" errors="0">
  <testcase name="ArtistString" time="0.000" classname="bwi.prog2D.SS2015.wi14b128_Leitner.ExerciseSheet02.tests.ArtistTest"/>
  <testcase name="checkInit2" time="0.000" classname="bwi.prog2D.SS2015.wi14b128_Leitner.ExerciseSheet02.tests.ArtistTest"/>
  <testcase name="setName2" time="0.000" classname="bwi.prog2D.SS2015.wi14b128_Leitner.ExerciseSheet02.tests.ArtistTest"/>
  <testcase name="ArtistArtist" time="0.000" classname="bwi.prog2D.SS2015.wi14b128_Leitner.ExerciseSheet02.tests.ArtistTest"/>
  <testcase name="ArtistString" time="0.000" classname="bwi.prog2D.SS2015.wi14b128_Leitner.ExerciseSheet02.tests.ArtistTest"/>
  <testcase name="ArtistArtist" time="0.000" classname="bwi.prog2D.SS2015.wi14b128_Leitner.ExerciseSheet02.tests.ArtistTest"/>
  <testcase name="ArtistString" time="0.000" classname="bwi.prog2D.SS2015.wi14b128_Leitner.ExerciseSheet02.tests.ArtistTest"/>
  <testcase name="setName2" time="0.000" classname="bwi.prog2D.SS2015.wi14b128_Leitner.ExerciseSheet02.tests.ArtistTest"/>
  <testcase name="ArtistArtist" time="0.000" classname="bwi.prog2D.SS2015.wi14b128_Leitner.ExerciseSheet02.tests.ArtistTest"/>
  <testcase name="getName2" time="0.000" classname="bwi.prog2D.SS2015.wi14b128_Leitner.ExerciseSheet02.tests.ArtistTest"/>
  <testcase name="setName2" time="0.000" classname="bwi.prog2D.SS2015.wi14b128_Leitner.ExerciseSheet02.tests.ArtistTest"/>
  <testcase name="Artist" time="0.016" classname="bwi.prog2D.SS2015.wi14b128_Leitner.ExerciseSheet02.tests.ArtistTest"/>
  <testcase name="getName2" time="0.000" classname="bwi.prog2D.SS2015.wi14b128_Leitner.ExerciseSheet02.tests.ArtistTest"/>
  <testcase name="ArtistString" time="0.000" classname="bwi.prog2D.SS2015.wi14b128_Leitner.ExerciseSheet02.tests.ArtistTest"/>
  <testcase name="getName2" time="0.000" classname="bwi.prog2D.SS2015.wi14b128_Leitner.ExerciseSheet02.tests.ArtistTest"/>
  <testcase name="ArtistString" time="0.000" classname="bwi.prog2D.SS2015.wi14b128_Leitner.ExerciseSheet02.tests.ArtistTest"/>
  <testcase name="getName2" time="0.000" classname="bwi.prog2D.SS2015.wi14b128_Leitner.ExerciseSheet02.tests.ArtistTest"/>
  <testcase name="setName2" time="0.000" classname="bwi.prog2D.SS2015.wi14b128_Leitner.ExerciseSheet02.tests.ArtistTest"/>
  <testcase name="setName2" time="0.000" classname="bwi.prog2D.SS2015.wi14b128_Leitner.ExerciseSheet02.tests.ArtistTest"/>
  <testcase name="getName2" time="0.016" classname="bwi.prog2D.SS2015.wi14b128_Leitner.ExerciseSheet02.tests.ArtistTest"/>
  <testcase name="ArtistArtist" time="0.125" classname="bwi.prog2D.SS2015.wi14b128_Leitner.ExerciseSheet02.tests.ArtistTest"/>
  <testcase name="ArtistArtist" time="0.000" classname="bwi.prog2D.SS2015.wi14b128_Leitner.ExerciseSheet02.tests.ArtistTest"/>
</testsuite> <!-- bwi.prog2D.SS2015.wi14b128_Leitner.ExerciseSheet02.tests.ArtistTest -->
