<?xml version="1.0" encoding="UTF-8"?>
<!-- Generated by org.testng.reporters.JUnitReportReporter -->
<testsuite hostname="Wernsn" name="bwi.prog2D.SS2015.wi14b128_Leitner.ExerciseSheet01.tests.ArtistTest" tests="11" failures="0" timestamp="10 Mar 2015 21:10:14 GMT" time="0.000" errors="0">
  <testcase name="checkInit" time="0.000" classname="bwi.prog2D.SS2015.wi14b128_Leitner.ExerciseSheet01.tests.ArtistTest"/>
  <testcase name="setName" time="0.000" classname="bwi.prog2D.SS2015.wi14b128_Leitner.ExerciseSheet01.tests.ArtistTest"/>
  <testcase name="setName" time="0.000" classname="bwi.prog2D.SS2015.wi14b128_Leitner.ExerciseSheet01.tests.ArtistTest"/>
  <testcase name="setName" time="0.000" classname="bwi.prog2D.SS2015.wi14b128_Leitner.ExerciseSheet01.tests.ArtistTest"/>
  <testcase name="getName" time="0.000" classname="bwi.prog2D.SS2015.wi14b128_Leitner.ExerciseSheet01.tests.ArtistTest"/>
  <testcase name="setName" time="0.000" classname="bwi.prog2D.SS2015.wi14b128_Leitner.ExerciseSheet01.tests.ArtistTest"/>
  <testcase name="getName" time="0.000" classname="bwi.prog2D.SS2015.wi14b128_Leitner.ExerciseSheet01.tests.ArtistTest"/>
  <testcase name="getName" time="0.000" classname="bwi.prog2D.SS2015.wi14b128_Leitner.ExerciseSheet01.tests.ArtistTest"/>
  <testcase name="getName" time="0.000" classname="bwi.prog2D.SS2015.wi14b128_Leitner.ExerciseSheet01.tests.ArtistTest"/>
  <testcase name="getName" time="0.000" classname="bwi.prog2D.SS2015.wi14b128_Leitner.ExerciseSheet01.tests.ArtistTest"/>
  <testcase name="setName" time="0.000" classname="bwi.prog2D.SS2015.wi14b128_Leitner.ExerciseSheet01.tests.ArtistTest"/>
</testsuite> <!-- bwi.prog2D.SS2015.wi14b128_Leitner.ExerciseSheet01.tests.ArtistTest -->
