<?xml version="1.0" encoding="UTF-8"?>
<!-- Generated by org.testng.reporters.JUnitReportReporter -->
<testsuite hostname="Wernsn" name="bwi.prog2D.SS2015.wi14b128_Leitner.ExerciseSheet02.tests.EventTest" tests="24" failures="0" timestamp="10 Mar 2015 23:38:14 GMT" time="0.199" errors="0">
  <testcase name="setArtist" time="0.000" classname="bwi.prog2D.SS2015.wi14b128_Leitner.ExerciseSheet02.tests.EventTest"/>
  <testcase name="getVenue" time="0.001" classname="bwi.prog2D.SS2015.wi14b128_Leitner.ExerciseSheet02.tests.EventTest"/>
  <testcase name="getAttendees" time="0.001" classname="bwi.prog2D.SS2015.wi14b128_Leitner.ExerciseSheet02.tests.EventTest"/>
  <testcase name="setDate" time="0.001" classname="bwi.prog2D.SS2015.wi14b128_Leitner.ExerciseSheet02.tests.EventTest"/>
  <testcase name="setAttendees" time="0.001" classname="bwi.prog2D.SS2015.wi14b128_Leitner.ExerciseSheet02.tests.EventTest"/>
  <testcase name="setDescription" time="0.002" classname="bwi.prog2D.SS2015.wi14b128_Leitner.ExerciseSheet02.tests.EventTest"/>
  <testcase name="Event" time="0.021" classname="bwi.prog2D.SS2015.wi14b128_Leitner.ExerciseSheet02.tests.EventTest"/>
  <testcase name="setAttendees" time="0.001" classname="bwi.prog2D.SS2015.wi14b128_Leitner.ExerciseSheet02.tests.EventTest"/>
  <testcase name="getDescription" time="0.001" classname="bwi.prog2D.SS2015.wi14b128_Leitner.ExerciseSheet02.tests.EventTest"/>
  <testcase name="getDescription" time="0.000" classname="bwi.prog2D.SS2015.wi14b128_Leitner.ExerciseSheet02.tests.EventTest"/>
  <testcase name="getDescription" time="0.001" classname="bwi.prog2D.SS2015.wi14b128_Leitner.ExerciseSheet02.tests.EventTest"/>
  <testcase name="getDate" time="0.002" classname="bwi.prog2D.SS2015.wi14b128_Leitner.ExerciseSheet02.tests.EventTest"/>
  <testcase name="getAttendees" time="0.000" classname="bwi.prog2D.SS2015.wi14b128_Leitner.ExerciseSheet02.tests.EventTest"/>
  <testcase name="getVenue" time="0.000" classname="bwi.prog2D.SS2015.wi14b128_Leitner.ExerciseSheet02.tests.EventTest"/>
  <testcase name="getAttendees" time="0.001" classname="bwi.prog2D.SS2015.wi14b128_Leitner.ExerciseSheet02.tests.EventTest"/>
  <testcase name="setAttendees" time="0.002" classname="bwi.prog2D.SS2015.wi14b128_Leitner.ExerciseSheet02.tests.EventTest"/>
  <testcase name="setDescription" time="0.001" classname="bwi.prog2D.SS2015.wi14b128_Leitner.ExerciseSheet02.tests.EventTest"/>
  <testcase name="getDate" time="0.011" classname="bwi.prog2D.SS2015.wi14b128_Leitner.ExerciseSheet02.tests.EventTest"/>
  <testcase name="getArtist" time="0.147" classname="bwi.prog2D.SS2015.wi14b128_Leitner.ExerciseSheet02.tests.EventTest"/>
  <testcase name="setDescription" time="0.000" classname="bwi.prog2D.SS2015.wi14b128_Leitner.ExerciseSheet02.tests.EventTest"/>
  <testcase name="setVenue" time="0.002" classname="bwi.prog2D.SS2015.wi14b128_Leitner.ExerciseSheet02.tests.EventTest"/>
  <testcase name="setVenue" time="0.001" classname="bwi.prog2D.SS2015.wi14b128_Leitner.ExerciseSheet02.tests.EventTest"/>
  <testcase name="setDate" time="0.001" classname="bwi.prog2D.SS2015.wi14b128_Leitner.ExerciseSheet02.tests.EventTest"/>
  <testcase name="setArtist" time="0.001" classname="bwi.prog2D.SS2015.wi14b128_Leitner.ExerciseSheet02.tests.EventTest"/>
</testsuite> <!-- bwi.prog2D.SS2015.wi14b128_Leitner.ExerciseSheet02.tests.EventTest -->
