<?xml version="1.0" encoding="UTF-8"?>
<!-- Generated by org.testng.reporters.JUnitReportReporter -->
<testsuite hostname="Wernsn" name="bwi.prog2D.SS2015.wi14b128_Leitner.ExerciseSheet01.tests.TrackTest" tests="38" failures="0" timestamp="10 Mar 2015 21:10:24 GMT" time="0.266" errors="0">
  <testcase name="writerIsKnown" time="0.000" classname="bwi.prog2D.SS2015.wi14b128_Leitner.ExerciseSheet01.tests.TrackTest"/>
  <testcase name="setDuration" time="0.000" classname="bwi.prog2D.SS2015.wi14b128_Leitner.ExerciseSheet01.tests.TrackTest"/>
  <testcase name="setWriter" time="0.000" classname="bwi.prog2D.SS2015.wi14b128_Leitner.ExerciseSheet01.tests.TrackTest"/>
  <testcase name="setYear" time="0.000" classname="bwi.prog2D.SS2015.wi14b128_Leitner.ExerciseSheet01.tests.TrackTest"/>
  <testcase name="setYear" time="0.000" classname="bwi.prog2D.SS2015.wi14b128_Leitner.ExerciseSheet01.tests.TrackTest"/>
  <testcase name="getYear" time="0.000" classname="bwi.prog2D.SS2015.wi14b128_Leitner.ExerciseSheet01.tests.TrackTest"/>
  <testcase name="getDuration" time="0.000" classname="bwi.prog2D.SS2015.wi14b128_Leitner.ExerciseSheet01.tests.TrackTest"/>
  <testcase name="getDuration" time="0.000" classname="bwi.prog2D.SS2015.wi14b128_Leitner.ExerciseSheet01.tests.TrackTest"/>
  <testcase name="getYear" time="0.000" classname="bwi.prog2D.SS2015.wi14b128_Leitner.ExerciseSheet01.tests.TrackTest"/>
  <testcase name="setPerformerNull" time="0.000" classname="bwi.prog2D.SS2015.wi14b128_Leitner.ExerciseSheet01.tests.TrackTest"/>
  <testcase name="getYear" time="0.000" classname="bwi.prog2D.SS2015.wi14b128_Leitner.ExerciseSheet01.tests.TrackTest"/>
  <testcase name="setTitle" time="0.000" classname="bwi.prog2D.SS2015.wi14b128_Leitner.ExerciseSheet01.tests.TrackTest"/>
  <testcase name="getYear" time="0.000" classname="bwi.prog2D.SS2015.wi14b128_Leitner.ExerciseSheet01.tests.TrackTest"/>
  <testcase name="getTitle" time="0.000" classname="bwi.prog2D.SS2015.wi14b128_Leitner.ExerciseSheet01.tests.TrackTest"/>
  <testcase name="getWriter" time="0.000" classname="bwi.prog2D.SS2015.wi14b128_Leitner.ExerciseSheet01.tests.TrackTest"/>
  <testcase name="getTitle" time="0.000" classname="bwi.prog2D.SS2015.wi14b128_Leitner.ExerciseSheet01.tests.TrackTest"/>
  <testcase name="setYear" time="0.000" classname="bwi.prog2D.SS2015.wi14b128_Leitner.ExerciseSheet01.tests.TrackTest"/>
  <testcase name="getTitle" time="0.000" classname="bwi.prog2D.SS2015.wi14b128_Leitner.ExerciseSheet01.tests.TrackTest"/>
  <testcase name="writerIsKnown" time="0.000" classname="bwi.prog2D.SS2015.wi14b128_Leitner.ExerciseSheet01.tests.TrackTest"/>
  <testcase name="getPerformer" time="0.203" classname="bwi.prog2D.SS2015.wi14b128_Leitner.ExerciseSheet01.tests.TrackTest"/>
  <testcase name="getYear" time="0.000" classname="bwi.prog2D.SS2015.wi14b128_Leitner.ExerciseSheet01.tests.TrackTest"/>
  <testcase name="setWriterNull" time="0.000" classname="bwi.prog2D.SS2015.wi14b128_Leitner.ExerciseSheet01.tests.TrackTest"/>
  <testcase name="checkInit" time="0.016" classname="bwi.prog2D.SS2015.wi14b128_Leitner.ExerciseSheet01.tests.TrackTest"/>
  <testcase name="getYear" time="0.000" classname="bwi.prog2D.SS2015.wi14b128_Leitner.ExerciseSheet01.tests.TrackTest"/>
  <testcase name="getString" time="0.015" classname="bwi.prog2D.SS2015.wi14b128_Leitner.ExerciseSheet01.tests.TrackTest"/>
  <testcase name="getDuration" time="0.000" classname="bwi.prog2D.SS2015.wi14b128_Leitner.ExerciseSheet01.tests.TrackTest"/>
  <testcase name="setYear" time="0.000" classname="bwi.prog2D.SS2015.wi14b128_Leitner.ExerciseSheet01.tests.TrackTest"/>
  <testcase name="setPerformer" time="0.000" classname="bwi.prog2D.SS2015.wi14b128_Leitner.ExerciseSheet01.tests.TrackTest"/>
  <testcase name="getString" time="0.016" classname="bwi.prog2D.SS2015.wi14b128_Leitner.ExerciseSheet01.tests.TrackTest"/>
  <testcase name="setDuration" time="0.000" classname="bwi.prog2D.SS2015.wi14b128_Leitner.ExerciseSheet01.tests.TrackTest"/>
  <testcase name="setTitle" time="0.000" classname="bwi.prog2D.SS2015.wi14b128_Leitner.ExerciseSheet01.tests.TrackTest"/>
  <testcase name="setTitle" time="0.000" classname="bwi.prog2D.SS2015.wi14b128_Leitner.ExerciseSheet01.tests.TrackTest"/>
  <testcase name="setYear" time="0.000" classname="bwi.prog2D.SS2015.wi14b128_Leitner.ExerciseSheet01.tests.TrackTest"/>
  <testcase name="getString" time="0.000" classname="bwi.prog2D.SS2015.wi14b128_Leitner.ExerciseSheet01.tests.TrackTest"/>
  <testcase name="getString" time="0.000" classname="bwi.prog2D.SS2015.wi14b128_Leitner.ExerciseSheet01.tests.TrackTest"/>
  <testcase name="writerIsKnown" time="0.000" classname="bwi.prog2D.SS2015.wi14b128_Leitner.ExerciseSheet01.tests.TrackTest"/>
  <testcase name="setDuration" time="0.000" classname="bwi.prog2D.SS2015.wi14b128_Leitner.ExerciseSheet01.tests.TrackTest"/>
  <testcase name="setYear" time="0.016" classname="bwi.prog2D.SS2015.wi14b128_Leitner.ExerciseSheet01.tests.TrackTest"/>
</testsuite> <!-- bwi.prog2D.SS2015.wi14b128_Leitner.ExerciseSheet01.tests.TrackTest -->
